Temp/gradleOut/launcher/build/intermediates/manifest_merge_blame_file/release/manifest-merger-blame-release-report.txt
1<?xml version="1.0" encoding="utf-8"?>
2<!-- GENERATED BY UNITY. REMOVE THIS COMMENT TO PREVENT OVERWRITING WHEN EXPORTING AGAIN -->
3<manifest xmlns:android="http://schemas.android.com/apk/res/android"
4    package="com.Unity.OculusNinjaWarrior"
5    android:installLocation="auto"
6    android:versionCode="1"
7    android:versionName="0.1" >
8
9    <uses-sdk
10        android:minSdkVersion="23"
10-->src/main/AndroidManifest.xml
11        android:targetSdkVersion="29" />
11-->src/main/AndroidManifest.xml
12
13    <supports-screens
13-->src/main/AndroidManifest.xml:4:3-163
14        android:anyDensity="true"
14-->src/main/AndroidManifest.xml:4:135-160
15        android:largeScreens="true"
15-->src/main/AndroidManifest.xml:4:78-105
16        android:normalScreens="true"
16-->src/main/AndroidManifest.xml:4:49-77
17        android:smallScreens="true"
17-->src/main/AndroidManifest.xml:4:21-48
18        android:xlargeScreens="true" />
18-->src/main/AndroidManifest.xml:4:106-134
19
20    <uses-feature android:glEsVersion="0x00030000" />
20-->[:unityLibrary] AndroidManifest.xml:14:5-54
20-->[:unityLibrary] AndroidManifest.xml:14:19-51
21
22    <supports-gl-texture android:name="GL_KHR_texture_compression_astc_ldr" />
22-->[:unityLibrary] AndroidManifest.xml:16:5-79
22-->[:unityLibrary] AndroidManifest.xml:16:26-76
23
24    <uses-permission android:name="android.permission.INTERNET" />
24-->[:unityLibrary] AndroidManifest.xml:18:5-67
24-->[:unityLibrary] AndroidManifest.xml:18:22-64
25    <uses-permission android:name="android.permission.RECORD_AUDIO" />
25-->[:unityLibrary] AndroidManifest.xml:19:5-71
25-->[:unityLibrary] AndroidManifest.xml:19:22-68
26    <uses-permission android:name="android.permission.MODIFY_AUDIO_SETTINGS" />
26-->[:unityLibrary] AndroidManifest.xml:20:5-80
26-->[:unityLibrary] AndroidManifest.xml:20:22-77
27
28    <uses-feature
28-->[:unityLibrary] AndroidManifest.xml:22:5-24:36
29        android:name="android.hardware.microphone"
29-->[:unityLibrary] AndroidManifest.xml:23:9-51
30        android:required="false" />
30-->[:unityLibrary] AndroidManifest.xml:24:9-33
31    <uses-feature
31-->[:unityLibrary] AndroidManifest.xml:25:5-27:36
32        android:name="android.hardware.touchscreen"
32-->[:unityLibrary] AndroidManifest.xml:26:9-52
33        android:required="false" />
33-->[:unityLibrary] AndroidManifest.xml:27:9-33
34    <uses-feature
34-->[:unityLibrary] AndroidManifest.xml:28:5-30:36
35        android:name="android.hardware.touchscreen.multitouch"
35-->[:unityLibrary] AndroidManifest.xml:29:9-63
36        android:required="false" />
36-->[:unityLibrary] AndroidManifest.xml:30:9-33
37    <uses-feature
37-->[:unityLibrary] AndroidManifest.xml:31:5-33:36
38        android:name="android.hardware.touchscreen.multitouch.distinct"
38-->[:unityLibrary] AndroidManifest.xml:32:9-72
39        android:required="false" />
39-->[:unityLibrary] AndroidManifest.xml:33:9-33
40    <uses-feature
40-->[:unityLibrary] AndroidManifest.xml:34:5-37:31
41        android:name="android.hardware.vr.headtracking"
41-->[:unityLibrary] AndroidManifest.xml:35:9-56
42        android:required="true"
42-->[:unityLibrary] AndroidManifest.xml:36:9-32
43        android:version="1" />
43-->[:unityLibrary] AndroidManifest.xml:37:9-28
44    <uses-feature
44-->[:unityLibrary] AndroidManifest.xml:38:5-40:36
45        android:name="oculus.software.handtracking"
45-->[:unityLibrary] AndroidManifest.xml:39:9-52
46        android:required="false" />
46-->[:unityLibrary] AndroidManifest.xml:40:9-33
47
48    <uses-permission android:name="com.oculus.permission.HAND_TRACKING" />
48-->[:unityLibrary] AndroidManifest.xml:42:5-75
48-->[:unityLibrary] AndroidManifest.xml:42:22-72
49
50    <application
50-->src/main/AndroidManifest.xml:5:3-116
51        android:allowBackup="false"
51-->[:unityLibrary] AndroidManifest.xml:45:9-36
52        android:extractNativeLibs="true"
52-->src/main/AndroidManifest.xml:5:16-48
53        android:icon="@mipmap/app_icon"
53-->src/main/AndroidManifest.xml:5:82-113
54        android:label="@string/app_name"
54-->src/main/AndroidManifest.xml:5:49-81
55        android:networkSecurityConfig="@xml/network_sec_config" >
55-->[:unityLibrary] AndroidManifest.xml:48:9-64
56        <activity
56-->[:unityLibrary] AndroidManifest.xml:49:9-72:20
57            android:name="com.unity3d.player.UnityPlayerActivity"
57-->[:unityLibrary] AndroidManifest.xml:50:13-66
58            android:configChanges="keyboard|keyboardHidden|navigation|orientation|screenLayout|screenSize|uiMode"
58-->[:unityLibrary] AndroidManifest.xml:51:13-114
59            android:hardwareAccelerated="false"
59-->[:unityLibrary] AndroidManifest.xml:52:13-48
60            android:launchMode="singleTask"
60-->[:unityLibrary] AndroidManifest.xml:53:13-44
61            android:screenOrientation="landscape"
61-->[:unityLibrary] AndroidManifest.xml:54:13-50
62            android:theme="@android:style/Theme.Black.NoTitleBar.Fullscreen" >
62-->[:unityLibrary] AndroidManifest.xml:55:13-77
63            <intent-filter>
63-->[:unityLibrary] AndroidManifest.xml:56:13-61:29
64                <action android:name="android.intent.action.MAIN" />
64-->[:unityLibrary] AndroidManifest.xml:57:17-69
64-->[:unityLibrary] AndroidManifest.xml:57:25-66
65
66                <category android:name="android.intent.category.LAUNCHER" />
66-->[:unityLibrary] AndroidManifest.xml:59:17-77
66-->[:unityLibrary] AndroidManifest.xml:59:27-74
67                <category android:name="com.oculus.intent.category.VR" />
67-->[:unityLibrary] AndroidManifest.xml:60:17-74
67-->[:unityLibrary] AndroidManifest.xml:60:27-71
68            </intent-filter>
69
70            <meta-data
70-->[:unityLibrary] AndroidManifest.xml:63:13-65:40
71                android:name="unityplayer.UnityActivity"
71-->[:unityLibrary] AndroidManifest.xml:64:17-57
72                android:value="true" />
72-->[:unityLibrary] AndroidManifest.xml:65:17-37
73            <meta-data
73-->[:unityLibrary] AndroidManifest.xml:66:13-68:40
74                android:name="android.notch_support"
74-->[:unityLibrary] AndroidManifest.xml:67:17-53
75                android:value="true" />
75-->[:unityLibrary] AndroidManifest.xml:68:17-37
76            <meta-data
76-->[:unityLibrary] AndroidManifest.xml:69:13-71:40
77                android:name="com.oculus.vr.focusaware"
77-->[:unityLibrary] AndroidManifest.xml:70:17-56
78                android:value="true" />
78-->[:unityLibrary] AndroidManifest.xml:71:17-37
79        </activity>
80
81        <meta-data
81-->[:unityLibrary] AndroidManifest.xml:74:9-76:33
82            android:name="unity.splash-mode"
82-->[:unityLibrary] AndroidManifest.xml:75:13-45
83            android:value="0" />
83-->[:unityLibrary] AndroidManifest.xml:76:13-30
84        <meta-data
84-->[:unityLibrary] AndroidManifest.xml:77:9-79:36
85            android:name="unity.splash-enable"
85-->[:unityLibrary] AndroidManifest.xml:78:13-47
86            android:value="True" />
86-->[:unityLibrary] AndroidManifest.xml:79:13-33
87        <meta-data
87-->[:unityLibrary] AndroidManifest.xml:80:9-82:50
88            android:name="notch.config"
88-->[:unityLibrary] AndroidManifest.xml:81:13-40
89            android:value="portrait|landscape" />
89-->[:unityLibrary] AndroidManifest.xml:82:13-47
90        <meta-data
90-->[:unityLibrary] AndroidManifest.xml:83:9-85:68
91            android:name="unity.build-id"
91-->[:unityLibrary] AndroidManifest.xml:84:13-42
92            android:value="33e7f6d3-2e8a-42ad-be02-474c92118233" />
92-->[:unityLibrary] AndroidManifest.xml:85:13-65
93        <meta-data
93-->[:unityLibrary] AndroidManifest.xml:86:9-88:39
94            android:name="com.samsung.android.vr.application.mode"
94-->[:unityLibrary] AndroidManifest.xml:87:13-67
95            android:value="vr_only" />
95-->[:unityLibrary] AndroidManifest.xml:88:13-36
96        <meta-data
96-->[:unityLibrary] AndroidManifest.xml:89:9-91:37
97            android:name="com.unity.xr.oculus.LowOverheadMode"
97-->[:unityLibrary] AndroidManifest.xml:90:13-63
98            android:value="false" />
98-->[:unityLibrary] AndroidManifest.xml:91:13-34
99        <meta-data
99-->[:unityLibrary] AndroidManifest.xml:92:9-94:44
100            android:name="com.oculus.supportedDevices"
100-->[:unityLibrary] AndroidManifest.xml:93:13-55
101            android:value="quest|quest2" />
101-->[:unityLibrary] AndroidManifest.xml:94:13-41
102        <meta-data
102-->[:unityLibrary] AndroidManifest.xml:95:9-97:36
103            android:name="com.oculus.handtracking.frequency"
103-->[:unityLibrary] AndroidManifest.xml:96:13-61
104            android:value="HIGH" />
104-->[:unityLibrary] AndroidManifest.xml:97:13-33
105    </application>
106
107</manifest>